2025-05-09 20:54:53 - __main__ - INFO - Initializing bot application
2025-05-09 20:54:53 - __main__ - DEBUG - Setting up conversation handlers
2025-05-09 20:54:53 - __main__ - ERROR - Failed to initialize bot: module 'handlers.route' has no attribute 'start_route'
2025-05-09 20:55:29 - __main__ - INFO - Initializing bot application
2025-05-09 20:55:29 - __main__ - DEBUG - Setting up conversation handlers
2025-05-09 20:55:29 - __main__ - DEBUG - Handlers setup completed
2025-05-09 20:55:29 - __main__ - INFO - Bot initialized successfully
2025-05-09 20:55:29 - __main__ - INFO - Starting bot
2025-05-09 20:55:30 - __main__ - INFO - Bot started successfully
2025-05-09 20:55:36 - handlers.base - INFO - User 1424585854 started interaction
2025-05-09 20:55:38 - handlers.route - INFO - User 1424585854 starting new route
2025-05-09 20:55:38 - handlers.route - DEBUG - Route data for user 1424585854: {'vehicle_info': '🚗 Автомобиль: А123БВ777\n🟢 Статус: Исправен\n⛽ Топливо: ~45 литров\n📊 Одометр: 125 643 км\n❗ Примечания: Правый поворотник мигает быстрее\n\n📍 Точки маршрута:\n1. Склад №1 (ул. Ленина, 10) - загрузка\n2. Магазин "Продукты" (ул. Мира, 5) - выгрузка\n3. ТЦ "Мега" (ш. Московское, 15) - выгрузка', 'checkpoints': [{'id': 1, 'name': 'Склад №1', 'address': 'ул. Ленина, 10', 'type': 'загрузка', 'completed': False}, {'id': 2, 'name': 'Магазин "Продукты"', 'address': 'ул. Мира, 5', 'type': 'выгрузка', 'completed': False}, {'id': 3, 'name': 'ТЦ "Мега"', 'address': 'ш. Московское, 15', 'type': 'выгрузка', 'completed': False}], 'current_checkpoint': None}
2025-05-09 20:55:39 - handlers.route - INFO - User 1424585854 confirmed route
2025-05-09 20:55:41 - handlers.route - INFO - User 1424585854 toggled checkpoint 1
2025-05-09 20:55:46 - handlers.route - INFO - User 1424585854 toggled checkpoint 2
2025-05-09 20:55:48 - handlers.route - INFO - User 1424585854 toggled checkpoint 3
2025-05-09 20:55:53 - handlers.route - ERROR - Invalid final data from user 1424585854: Начать маршрут. Error: not enough values to unpack (expected 2, got 1)
2025-05-09 20:56:10 - handlers.route - INFO - User 1424585854 submitted final data: fuel=5, odometer=125
2025-05-09 20:56:22 - __main__ - INFO - Stopping bot
2025-05-09 20:56:26 - __main__ - INFO - Bot stopped successfully
2025-05-09 20:56:26 - __main__ - INFO - Received shutdown signal
2025-05-09 20:56:26 - __main__ - INFO - Stopping bot
2025-05-09 20:56:26 - __main__ - ERROR - Error while stopping bot: This Updater is not running!
2025-05-09 20:57:48 - __main__ - INFO - Initializing bot application
2025-05-09 20:57:48 - __main__ - DEBUG - Setting up conversation handlers
2025-05-09 20:57:48 - __main__ - DEBUG - Handlers setup completed
2025-05-09 20:57:48 - __main__ - INFO - Bot initialized successfully
2025-05-09 20:57:48 - __main__ - INFO - Starting bot
2025-05-09 20:57:49 - __main__ - INFO - Bot started successfully
2025-05-09 20:58:00 - handlers.base - INFO - User 1513141587 started interaction
2025-05-09 20:58:02 - handlers.route - INFO - User 1513141587 starting new route
2025-05-09 20:58:02 - handlers.route - DEBUG - Route data for user 1513141587: {'vehicle_info': '🚗 Автомобиль: А123БВ777\n🟢 Статус: Исправен\n⛽ Топливо: ~45 литров\n📊 Одометр: 125 643 км\n❗ Примечания: Правый поворотник мигает быстрее\n\n📍 Точки маршрута:\n1. Склад №1 (ул. Ленина, 10) - загрузка\n2. Магазин "Продукты" (ул. Мира, 5) - выгрузка\n3. ТЦ "Мега" (ш. Московское, 15) - выгрузка', 'checkpoints': [{'id': 1, 'name': 'Склад №1', 'address': 'ул. Ленина, 10', 'type': 'загрузка', 'completed': False}, {'id': 2, 'name': 'Магазин "Продукты"', 'address': 'ул. Мира, 5', 'type': 'выгрузка', 'completed': False}, {'id': 3, 'name': 'ТЦ "Мега"', 'address': 'ш. Московское, 15', 'type': 'выгрузка', 'completed': False}], 'current_checkpoint': None}
2025-05-09 20:58:04 - handlers.route - INFO - User 1513141587 confirmed route
2025-05-09 20:58:07 - handlers.route - INFO - User 1513141587 toggled checkpoint 2
2025-05-09 20:58:10 - handlers.route - INFO - User 1513141587 toggled checkpoint 3
2025-05-09 20:58:18 - handlers.route - INFO - User 1513141587 submitted final data: fuel=Ggg, odometer=ggg
2025-05-09 20:58:34 - handlers.base - INFO - User 1513141587 started interaction
2025-05-09 20:58:37 - __main__ - INFO - Stopping bot
2025-05-09 20:58:37 - __main__ - INFO - Bot stopped successfully
2025-05-09 20:58:37 - __main__ - INFO - Received shutdown signal
2025-05-09 20:58:37 - __main__ - INFO - Stopping bot
2025-05-09 20:58:37 - __main__ - ERROR - Error while stopping bot: This Updater is not running!
2025-05-09 20:58:49 - __main__ - INFO - Initializing bot application
2025-05-09 20:58:49 - __main__ - DEBUG - Setting up conversation handlers
2025-05-09 20:58:49 - __main__ - DEBUG - Handlers setup completed
2025-05-09 20:58:49 - __main__ - INFO - Bot initialized successfully
2025-05-09 20:58:49 - __main__ - INFO - Starting bot
2025-05-09 20:58:50 - __main__ - INFO - Bot started successfully
2025-05-09 20:58:56 - handlers.base - INFO - User 1513141587 started interaction
2025-05-09 20:59:06 - handlers.route - INFO - User 1513141587 starting new route
2025-05-09 20:59:06 - handlers.route - DEBUG - Route data for user 1513141587: {'vehicle_info': '🚗 Автомобиль: А123БВ777\n🟢 Статус: Исправен\n⛽ Топливо: ~45 литров\n📊 Одометр: 125 643 км\n❗ Примечания: Правый поворотник мигает быстрее\n\n📍 Точки маршрута:\n1. Склад №1 (ул. Ленина, 10) - загрузка\n2. Магазин "Продукты" (ул. Мира, 5) - выгрузка\n3. ТЦ "Мега" (ш. Московское, 15) - выгрузка', 'checkpoints': [{'id': 1, 'name': 'Склад №1', 'address': 'ул. Ленина, 10', 'type': 'загрузка', 'completed': False}, {'id': 2, 'name': 'Магазин "Продукты"', 'address': 'ул. Мира, 5', 'type': 'выгрузка', 'completed': False}, {'id': 3, 'name': 'ТЦ "Мега"', 'address': 'ш. Московское, 15', 'type': 'выгрузка', 'completed': False}], 'current_checkpoint': None}
2025-05-09 20:59:09 - handlers.route - INFO - User 1513141587 reported route issues
2025-05-09 21:00:39 - __main__ - INFO - Stopping bot
2025-05-09 21:00:40 - __main__ - INFO - Bot stopped successfully
2025-05-09 21:00:40 - __main__ - INFO - Received shutdown signal
2025-05-09 21:00:40 - __main__ - INFO - Stopping bot
2025-05-09 21:00:40 - __main__ - ERROR - Error while stopping bot: This Updater is not running!
2025-05-09 21:05:51 - __main__ - INFO - Initializing bot application
2025-05-09 21:05:52 - __main__ - DEBUG - Setting up conversation handlers
2025-05-09 21:05:52 - __main__ - DEBUG - Handlers setup completed
2025-05-09 21:05:52 - __main__ - INFO - Bot initialized successfully
2025-05-09 21:05:52 - __main__ - INFO - Starting bot
2025-05-09 21:05:53 - __main__ - INFO - Bot started successfully
2025-05-09 21:05:53 - handlers.base - INFO - User 1424585854 started interaction
2025-05-09 21:05:57 - handlers.route - INFO - User 1424585854 starting new route
2025-05-09 21:05:59 - handlers.route - INFO - User 1424585854 confirmed route
2025-05-09 21:06:04 - handlers.route - INFO - User 1424585854 toggled checkpoint 1
2025-05-09 21:06:05 - handlers.route - INFO - User 1424585854 toggled checkpoint 2
2025-05-09 21:06:05 - handlers.route - INFO - User 1513141587 starting new route
2025-05-09 21:06:06 - handlers.route - INFO - User 1424585854 toggled checkpoint 3
2025-05-09 21:06:09 - handlers.route - INFO - User 1513141587 confirmed route
2025-05-09 21:06:12 - handlers.route - INFO - User 1424585854 submitted final data: fuel=12, odometer=324
2025-05-09 21:06:14 - handlers.route - INFO - User 1424585854 starting new route
2025-05-09 21:06:15 - handlers.route - INFO - User 1513141587 toggled checkpoint 1
2025-05-09 21:06:16 - handlers.route - INFO - User 1513141587 toggled checkpoint 2
2025-05-09 21:06:18 - handlers.route - INFO - User 1513141587 toggled checkpoint 3
2025-05-09 21:06:21 - handlers.route - INFO - User 1424585854 reported route issues
2025-05-09 21:06:22 - handlers.route - INFO - User 1424585854 starting new route
2025-05-09 21:06:30 - handlers.route - ERROR - Invalid final data from user 1513141587: Fhfg thfhf. Error: not enough values to unpack (expected 2, got 1)
2025-05-09 21:06:37 - handlers.route - INFO - User 1513141587 submitted final data: fuel=Dhdhdb, odometer=hfhdbdb
2025-05-09 21:06:43 - handlers.route - INFO - User 1513141587 starting new route
2025-05-09 21:06:56 - handlers.route - INFO - User 1513141587 reported route issues
2025-05-09 21:07:00 - handlers.route - INFO - User 1513141587 starting new route
2025-05-09 21:07:02 - handlers.route - INFO - User 1513141587 confirmed route
2025-05-09 21:07:04 - handlers.route - INFO - User 1513141587 toggled checkpoint 3
2025-05-09 21:07:22 - handlers.route - INFO - User 1513141587 submitted final data: fuel=34, odometer=56
2025-05-09 21:07:38 - handlers.route - INFO - User 1424585854 confirmed route
2025-05-09 21:08:18 - handlers.route - ERROR - Invalid final data from user 1424585854: Начать маршрут. Error: not enough values to unpack (expected 2, got 1)
2025-05-09 21:14:48 - handlers.route - ERROR - Invalid final data from user 1424585854: Digging hggv. Error: not enough values to unpack (expected 2, got 1)
2025-05-09 22:15:55 - __main__ - INFO - Initializing bot application
2025-05-09 22:15:55 - __main__ - DEBUG - Setting up conversation handlers
2025-05-09 22:15:55 - __main__ - DEBUG - Handlers setup completed
2025-05-09 22:15:55 - __main__ - INFO - Bot initialized successfully
2025-05-09 22:15:55 - __main__ - INFO - Starting bot
2025-05-09 22:15:56 - __main__ - INFO - Bot started successfully
2025-05-09 22:16:01 - handlers.route - ERROR - Invalid final data from user 1424585854: Начать маршрут. Error: not enough values to unpack (expected 2, got 1)
2025-05-09 22:16:05 - handlers.route - ERROR - Invalid final data from user 1424585854: 1. Error: not enough values to unpack (expected 2, got 1)
2025-05-09 22:16:15 - handlers.route - INFO - User 1424585854 starting new route
2025-05-09 22:16:17 - handlers.route - ERROR - Invalid final data from user 1424585854: ✅ Всё верно. Error: not enough values to unpack (expected 2, got 1)
2025-05-09 22:16:22 - handlers.route - INFO - User 1424585854 submitted final data: fuel=1, odometer=3
2025-05-09 22:16:31 - handlers.route - INFO - User 1424585854 starting new route
2025-05-09 22:16:38 - handlers.route - INFO - User 1424585854 confirmed route
2025-05-09 22:16:59 - handlers.route - INFO - User 1424585854 submitted final data: fuel=1, odometer=2
2025-05-09 22:17:02 - handlers.route - INFO - User 1424585854 starting new route
2025-05-09 22:17:06 - handlers.route - INFO - User 1424585854 confirmed route
2025-05-09 22:17:09 - handlers.route - INFO - User 1424585854 toggled checkpoint 1
2025-05-09 22:17:48 - __main__ - INFO - Stopping bot
2025-05-09 22:17:49 - __main__ - INFO - Bot stopped successfully
2025-05-09 22:17:49 - __main__ - INFO - Received shutdown signal
2025-05-09 22:17:49 - __main__ - INFO - Stopping bot
2025-05-09 22:17:49 - __main__ - ERROR - Error while stopping bot: This Updater is not running!
2025-05-09 22:17:50 - __main__ - INFO - Initializing bot application
2025-05-09 22:17:50 - __main__ - DEBUG - Setting up conversation handlers
2025-05-09 22:17:50 - __main__ - DEBUG - Handlers setup completed
2025-05-09 22:17:50 - __main__ - INFO - Bot initialized successfully
2025-05-09 22:17:50 - __main__ - INFO - Starting bot
2025-05-09 22:17:51 - __main__ - INFO - Bot started successfully
2025-05-09 22:17:56 - handlers.route - ERROR - Invalid final data from user 1424585854: Начать маршрут. Error: not enough values to unpack (expected 2, got 1)
2025-05-09 22:17:59 - handlers.route - INFO - User 1424585854 submitted final data: fuel=1, odometer=2
2025-05-09 22:18:01 - handlers.route - INFO - User 1424585854 starting new route
2025-05-09 22:18:07 - handlers.route - INFO - User 1424585854 confirmed route
2025-05-09 22:18:17 - handlers.route - INFO - User 1424585854 submitted final data: fuel=1, odometer=2
2025-05-09 22:18:28 - __main__ - INFO - Stopping bot
2025-05-09 22:18:28 - __main__ - INFO - Bot stopped successfully
2025-05-09 22:18:28 - __main__ - INFO - Received shutdown signal
2025-05-09 22:18:28 - __main__ - INFO - Stopping bot
2025-05-09 22:18:28 - __main__ - ERROR - Error while stopping bot: This Updater is not running!
2025-05-09 22:18:31 - __main__ - INFO - Initializing bot application
2025-05-09 22:18:31 - __main__ - DEBUG - Setting up conversation handlers
2025-05-09 22:18:31 - __main__ - DEBUG - Handlers setup completed
2025-05-09 22:18:31 - __main__ - INFO - Bot initialized successfully
2025-05-09 22:18:31 - __main__ - INFO - Starting bot
2025-05-09 22:18:32 - __main__ - INFO - Bot started successfully
2025-05-09 22:18:54 - __main__ - INFO - Stopping bot
2025-05-09 22:18:56 - __main__ - INFO - Bot stopped successfully
2025-05-09 22:18:56 - __main__ - INFO - Received shutdown signal
2025-05-09 22:18:56 - __main__ - INFO - Stopping bot
2025-05-09 22:18:56 - __main__ - ERROR - Error while stopping bot: This Updater is not running!
2025-05-09 22:18:57 - __main__ - INFO - Stopping bot
2025-05-09 22:19:00 - __main__ - INFO - Bot stopped successfully
2025-05-09 22:19:00 - __main__ - INFO - Received shutdown signal
2025-05-09 22:19:00 - __main__ - INFO - Stopping bot
2025-05-09 22:19:00 - __main__ - ERROR - Error while stopping bot: This Updater is not running!
2025-05-09 22:19:02 - __main__ - INFO - Initializing bot application
2025-05-09 22:19:02 - __main__ - DEBUG - Setting up conversation handlers
2025-05-09 22:19:02 - __main__ - DEBUG - Handlers setup completed
2025-05-09 22:19:02 - __main__ - INFO - Bot initialized successfully
2025-05-09 22:19:02 - __main__ - INFO - Starting bot
2025-05-09 22:19:02 - __main__ - INFO - Bot started successfully
2025-05-09 22:19:05 - handlers.route - INFO - User 1424585854 starting new route
2025-05-09 22:19:07 - handlers.route - INFO - User 1424585854 confirmed route
2025-05-09 22:19:18 - handlers.route - INFO - User 1424585854 provided reason for unfinished points: jnvtyf
2025-05-09 22:19:22 - handlers.route - INFO - User 1424585854 finished route. Fuel: 1, Odometer: 2. Unfinished: 3
2025-05-09 22:20:35 - handlers.route - INFO - User 1424585854 starting new route
2025-05-09 22:20:37 - handlers.route - INFO - User 1424585854 confirmed route
2025-05-09 22:23:10 - __main__ - INFO - Stopping bot
2025-05-09 22:23:14 - __main__ - INFO - Bot stopped successfully
2025-05-09 22:23:14 - __main__ - INFO - Received shutdown signal
2025-05-09 22:23:14 - __main__ - INFO - Stopping bot
2025-05-09 22:23:14 - __main__ - ERROR - Error while stopping bot: This Updater is not running!
2025-05-09 22:24:57 - __main__ - INFO - Initializing bot application
2025-05-09 22:24:57 - __main__ - DEBUG - Setting up conversation handlers
2025-05-09 22:24:57 - __main__ - ERROR - Failed to initialize bot: MessageHandler.__init__() missing 1 required positional argument: 'callback'
2025-05-09 22:25:53 - __main__ - INFO - Initializing bot application
2025-05-09 22:25:53 - __main__ - DEBUG - Setting up conversation handlers
2025-05-09 22:25:53 - __main__ - DEBUG - Handlers setup completed
2025-05-09 22:25:53 - __main__ - INFO - Bot initialized successfully
2025-05-09 22:25:53 - __main__ - INFO - Starting bot
2025-05-09 22:25:55 - __main__ - INFO - Bot started successfully
2025-05-09 22:25:58 - handlers.route - INFO - User 1424585854 starting new route
2025-05-09 22:26:00 - handlers.route - INFO - User 1424585854 confirmed route
2025-05-09 22:26:06 - handlers.route - INFO - User 1424585854 canceled route finishing
2025-05-09 22:26:15 - handlers.route - INFO - User 1424585854 toggled checkpoint 1
2025-05-09 22:26:16 - handlers.route - INFO - User 1424585854 toggled checkpoint 2
2025-05-09 22:26:18 - handlers.route - INFO - User 1424585854 toggled checkpoint 3
2025-05-09 22:32:23 - __main__ - INFO - Stopping bot
2025-05-09 22:32:23 - __main__ - INFO - Bot stopped successfully
2025-05-09 22:32:23 - __main__ - INFO - Received shutdown signal
2025-05-09 22:32:23 - __main__ - INFO - Stopping bot
2025-05-09 22:32:23 - __main__ - ERROR - Error while stopping bot: This Updater is not running!
2025-05-09 22:32:26 - __main__ - INFO - Initializing bot application
2025-05-09 22:32:26 - __main__ - DEBUG - Setting up conversation handlers
2025-05-09 22:32:26 - __main__ - DEBUG - Handlers setup completed
2025-05-09 22:32:26 - __main__ - INFO - Bot initialized successfully
2025-05-09 22:32:26 - __main__ - INFO - Starting bot
2025-05-09 22:32:27 - __main__ - INFO - Bot started successfully
2025-05-09 22:32:36 - handlers.route - INFO - User 1424585854 starting new route
2025-05-09 22:32:38 - handlers.route - INFO - User 1424585854 confirmed route
2025-05-09 22:32:48 - handlers.route - INFO - User 1424585854 provided reason for unfinished points: фыв
2025-05-09 22:42:39 - __main__ - INFO - Stopping bot
2025-05-09 22:42:42 - __main__ - INFO - Bot stopped successfully
2025-05-09 22:42:42 - __main__ - INFO - Received shutdown signal
2025-05-09 22:42:42 - __main__ - INFO - Stopping bot
2025-05-09 22:42:42 - __main__ - ERROR - Error while stopping bot: This Updater is not running!
2025-05-09 22:43:06 - __main__ - INFO - Initializing bot application
2025-05-09 22:43:06 - __main__ - DEBUG - Setting up conversation handlers
2025-05-09 22:43:06 - __main__ - DEBUG - Handlers setup completed
2025-05-09 22:43:06 - __main__ - INFO - Bot initialized successfully
2025-05-09 22:43:06 - __main__ - INFO - Starting bot
2025-05-09 22:43:07 - __main__ - INFO - Bot started successfully
2025-05-09 22:43:09 - handlers.route - INFO - User 1424585854 starting new route
2025-05-09 22:43:11 - handlers.route - INFO - User 1424585854 confirmed route
2025-05-09 22:43:20 - handlers.route - INFO - User 1424585854 toggled checkpoint 1
2025-05-09 22:43:22 - handlers.route - INFO - User 1424585854 toggled checkpoint 2
2025-05-09 22:43:23 - handlers.route - INFO - User 1424585854 toggled checkpoint 3
2025-05-09 22:43:46 - __main__ - INFO - Stopping bot
2025-05-09 22:43:50 - __main__ - INFO - Bot stopped successfully
2025-05-09 22:43:50 - __main__ - INFO - Received shutdown signal
2025-05-09 22:43:50 - __main__ - INFO - Stopping bot
2025-05-09 22:43:50 - __main__ - ERROR - Error while stopping bot: This Updater is not running!
2025-05-09 22:43:51 - __main__ - INFO - Initializing bot application
2025-05-09 22:43:51 - __main__ - DEBUG - Setting up conversation handlers
2025-05-09 22:43:51 - __main__ - DEBUG - Handlers setup completed
2025-05-09 22:43:51 - __main__ - INFO - Bot initialized successfully
2025-05-09 22:43:51 - __main__ - INFO - Starting bot
2025-05-09 22:43:52 - __main__ - INFO - Bot started successfully
2025-05-09 22:44:01 - handlers.base - INFO - User 1424585854 started interaction
2025-05-09 22:44:03 - handlers.route - INFO - User 1424585854 starting new route
2025-05-09 22:44:06 - handlers.route - INFO - User 1424585854 confirmed route
2025-05-09 22:44:13 - handlers.route - INFO - User 1424585854 provided reason for unfinished points: 1
2025-05-09 22:44:49 - __main__ - INFO - Stopping bot
2025-05-09 22:44:53 - __main__ - INFO - Bot stopped successfully
2025-05-09 22:44:53 - __main__ - INFO - Received shutdown signal
2025-05-09 22:44:53 - __main__ - INFO - Stopping bot
2025-05-09 22:44:53 - __main__ - ERROR - Error while stopping bot: This Updater is not running!
2025-05-09 22:44:53 - __main__ - INFO - Initializing bot application
2025-05-09 22:44:54 - __main__ - DEBUG - Setting up conversation handlers
2025-05-09 22:44:54 - __main__ - DEBUG - Handlers setup completed
2025-05-09 22:44:54 - __main__ - INFO - Bot initialized successfully
2025-05-09 22:44:54 - __main__ - INFO - Starting bot
2025-05-09 22:44:54 - __main__ - INFO - Bot started successfully
2025-05-09 22:44:58 - handlers.route - INFO - User 1424585854 starting new route
2025-05-09 22:44:59 - handlers.route - INFO - User 1424585854 confirmed route
2025-05-09 22:45:03 - handlers.route - INFO - User 1424585854 canceled route finishing
2025-05-09 22:45:06 - handlers.route - INFO - User 1424585854 toggled checkpoint 1
2025-05-09 22:45:07 - handlers.route - INFO - User 1424585854 toggled checkpoint 2
2025-05-09 22:45:08 - handlers.route - INFO - User 1424585854 toggled checkpoint 3
2025-05-09 22:45:15 - handlers.route - INFO - User 1424585854 finished route. Fuel: 1, Odometer: 2. Unfinished: 3
2025-05-09 22:45:41 - __main__ - INFO - Stopping bot
2025-05-09 22:45:42 - __main__ - INFO - Bot stopped successfully
2025-05-09 22:45:42 - __main__ - INFO - Received shutdown signal
2025-05-09 22:45:42 - __main__ - INFO - Stopping bot
2025-05-09 22:45:42 - __main__ - ERROR - Error while stopping bot: This Updater is not running!
2025-05-09 22:45:43 - __main__ - INFO - Initializing bot application
2025-05-09 22:45:43 - __main__ - DEBUG - Setting up conversation handlers
2025-05-09 22:45:43 - __main__ - DEBUG - Handlers setup completed
2025-05-09 22:45:43 - __main__ - INFO - Bot initialized successfully
2025-05-09 22:45:43 - __main__ - INFO - Starting bot
2025-05-09 22:45:44 - __main__ - INFO - Bot started successfully
2025-05-09 22:45:48 - handlers.route - INFO - User 1424585854 starting new route
2025-05-09 22:45:49 - handlers.route - INFO - User 1424585854 confirmed route
2025-05-09 22:45:52 - handlers.route - INFO - User 1424585854 toggled checkpoint 3
2025-05-09 22:45:53 - handlers.route - INFO - User 1424585854 toggled checkpoint 2
2025-05-09 22:45:53 - handlers.route - INFO - User 1424585854 toggled checkpoint 1
2025-05-09 22:46:00 - handlers.route - INFO - User 1424585854 finished route. Fuel: 1, Odometer: 2. Unfinished: 0
2025-05-09 22:46:01 - handlers.route - INFO - User 1424585854 starting new route
2025-05-09 22:46:03 - handlers.route - INFO - User 1424585854 confirmed route
2025-05-09 22:46:10 - handlers.route - INFO - User 1424585854 canceled route finishing
2025-05-09 22:46:13 - handlers.route - INFO - User 1424585854 canceled route finishing
2025-05-09 22:46:46 - __main__ - INFO - Stopping bot
2025-05-09 22:46:50 - __main__ - INFO - Bot stopped successfully
2025-05-09 22:46:50 - __main__ - INFO - Received shutdown signal
2025-05-09 22:46:50 - __main__ - INFO - Stopping bot
2025-05-09 22:46:50 - __main__ - ERROR - Error while stopping bot: This Updater is not running!
2025-05-09 22:46:51 - __main__ - INFO - Initializing bot application
2025-05-09 22:46:51 - __main__ - DEBUG - Setting up conversation handlers
2025-05-09 22:46:51 - __main__ - DEBUG - Handlers setup completed
2025-05-09 22:46:51 - __main__ - INFO - Bot initialized successfully
2025-05-09 22:46:51 - __main__ - INFO - Starting bot
2025-05-09 22:46:51 - __main__ - INFO - Bot started successfully
2025-05-09 22:47:00 - handlers.base - INFO - User 1424585854 started interaction
2025-05-09 22:47:02 - handlers.route - INFO - User 1424585854 starting new route
2025-05-09 22:47:03 - handlers.route - INFO - User 1424585854 confirmed route
2025-05-09 22:47:07 - handlers.route - INFO - User 1424585854 canceled route finishing
2025-05-09 22:47:10 - handlers.route - INFO - User 1424585854 toggled checkpoint 1
2025-05-09 22:47:11 - handlers.route - INFO - User 1424585854 toggled checkpoint 2
2025-05-09 22:47:13 - handlers.route - INFO - User 1424585854 toggled checkpoint 3
2025-05-09 22:47:18 - handlers.route - INFO - User 1424585854 finished route. Fuel: 1, Odometer: 2. Unfinished: 3
2025-05-09 22:50:19 - __main__ - INFO - Stopping bot
2025-05-09 22:50:19 - __main__ - INFO - Bot stopped successfully
2025-05-09 22:50:19 - __main__ - INFO - Received shutdown signal
2025-05-09 22:50:19 - __main__ - INFO - Stopping bot
2025-05-09 22:50:19 - __main__ - ERROR - Error while stopping bot: This Updater is not running!
2025-05-09 22:50:21 - __main__ - INFO - Initializing bot application
2025-05-09 22:50:21 - __main__ - DEBUG - Setting up conversation handlers
2025-05-09 22:50:21 - __main__ - DEBUG - Handlers setup completed
2025-05-09 22:50:21 - __main__ - INFO - Bot initialized successfully
2025-05-09 22:50:21 - __main__ - INFO - Starting bot
2025-05-09 22:50:22 - __main__ - INFO - Bot started successfully
2025-05-09 22:50:25 - handlers.route - INFO - User 1424585854 starting new route
2025-05-09 22:50:27 - handlers.route - INFO - User 1424585854 confirmed route
2025-05-09 22:50:30 - handlers.route - INFO - User 1424585854 canceled route finishing
2025-05-09 22:50:32 - handlers.route - INFO - User 1424585854 toggled checkpoint 3
2025-05-09 22:50:33 - handlers.route - INFO - User 1424585854 toggled checkpoint 2
2025-05-09 22:50:34 - handlers.route - INFO - User 1424585854 toggled checkpoint 1
2025-05-09 22:50:42 - handlers.route - INFO - User 1424585854 finished route. Fuel: 1, Odometer: 2. Unfinished: 3
2025-05-09 22:55:43 - __main__ - INFO - Stopping bot
2025-05-09 22:55:44 - __main__ - INFO - Bot stopped successfully
2025-05-09 22:55:44 - __main__ - INFO - Received shutdown signal
2025-05-09 22:55:44 - __main__ - INFO - Stopping bot
2025-05-09 22:55:44 - __main__ - ERROR - Error while stopping bot: This Updater is not running!
2025-05-09 22:55:45 - __main__ - INFO - Initializing bot application
2025-05-09 22:55:46 - __main__ - DEBUG - Setting up conversation handlers
2025-05-09 22:55:46 - __main__ - DEBUG - Handlers setup completed
2025-05-09 22:55:46 - __main__ - INFO - Bot initialized successfully
2025-05-09 22:55:46 - __main__ - INFO - Starting bot
2025-05-09 22:55:46 - __main__ - INFO - Bot started successfully
2025-05-09 22:55:49 - handlers.route - INFO - User 1424585854 starting new route
2025-05-09 22:55:50 - handlers.route - INFO - User 1424585854 confirmed route
2025-05-09 22:55:55 - handlers.route - INFO - User 1424585854 canceled route finishing
2025-05-09 22:55:57 - handlers.route - INFO - User 1424585854 toggled checkpoint 1
2025-05-09 22:55:58 - handlers.route - INFO - User 1424585854 toggled checkpoint 2
2025-05-09 22:55:59 - handlers.route - INFO - User 1424585854 toggled checkpoint 3
2025-05-09 22:56:05 - handlers.route - INFO - User 1424585854 finished route. Fuel: 1, Odometer: 2. Unfinished: 0
2025-05-09 22:56:15 - handlers.route - INFO - User 1424585854 starting new route
2025-05-09 22:56:17 - handlers.route - INFO - User 1424585854 confirmed route
2025-05-09 22:56:20 - handlers.route - INFO - User 1424585854 toggled checkpoint 3
2025-05-09 22:56:25 - handlers.route - INFO - User 1424585854 provided reason: 1
2025-05-09 22:56:31 - handlers.route - INFO - User 1424585854 finished route. Fuel: 1, Odometer: 2. Unfinished: 2
2025-05-09 22:56:41 - __main__ - INFO - Stopping bot
2025-05-09 22:56:45 - __main__ - INFO - Bot stopped successfully
2025-05-09 22:56:45 - __main__ - INFO - Received shutdown signal
2025-05-09 22:56:45 - __main__ - INFO - Stopping bot
2025-05-09 22:56:45 - __main__ - ERROR - Error while stopping bot: This Updater is not running!
